0 verbose cli /usr/local/bin/node /usr/local/bin/npm
1 info using npm@11.11.0
2 info using node@v24.14.1
3 silly config load:file:/usr/local/lib/node_modules/npm/npmrc
4 silly config load:file:/Users/edit6/Documents/Caio/LUMOS/site-lumos-2026/.npmrc
5 silly config load:file:/Users/edit6/.npmrc
6 silly config load:file:/usr/local/etc/npmrc
7 verbose title npm install
8 verbose argv "install"
9 verbose logfile logs-max:10 dir:/Users/edit6/Documents/Caio/LUMOS/site-lumos-2026/.npm-cache/_logs/2026-04-03T06_20_16_681Z-
10 verbose logfile /Users/edit6/Documents/Caio/LUMOS/site-lumos-2026/.npm-cache/_logs/2026-04-03T06_20_16_681Z-debug-0.log
11 silly logfile done cleaning log files
12 silly packumentCache heap:4496293888 maxSize:1124073472 maxEntrySize:562036736
13 silly idealTree buildDeps
14 silly fetch manifest autoprefixer@^10.4.19
15 silly packumentCache full:https://registry.npmjs.org/autoprefixer cache-miss
16 http fetch GET 200 https://registry.npmjs.org/autoprefixer 108ms (cache miss)
17 silly packumentCache full:https://registry.npmjs.org/autoprefixer set size:undefined disposed:false
18 silly fetch manifest postcss@^8
19 silly packumentCache full:https://registry.npmjs.org/postcss cache-miss
20 http cache https://registry.npmjs.org/postcss 5ms (cache hit)
21 silly packumentCache full:https://registry.npmjs.org/postcss set size:702266 disposed:false
22 silly placeDep ROOT autoprefixer@10.4.27 OK for: site-lumos-2026@0.1.0 want: ^10.4.19
23 silly fetch manifest browserslist@^4.28.1
24 silly packumentCache full:https://registry.npmjs.org/browserslist cache-miss
25 silly fetch manifest fraction.js@^5.3.4
26 silly packumentCache full:https://registry.npmjs.org/fraction.js cache-miss
27 http fetch GET 200 https://registry.npmjs.org/fraction.js 23ms (cache miss)
28 silly packumentCache full:https://registry.npmjs.org/fraction.js set size:undefined disposed:false
29 http fetch GET 200 https://registry.npmjs.org/browserslist 50ms (cache miss)
30 silly packumentCache full:https://registry.npmjs.org/browserslist set size:undefined disposed:false
31 silly placeDep ROOT browserslist@4.28.2 OK for: autoprefixer@10.4.27 want: ^4.28.1
32 silly placeDep ROOT fraction.js@5.3.4 OK for: autoprefixer@10.4.27 want: ^5.3.4
33 silly fetch manifest baseline-browser-mapping@^2.10.12
34 silly packumentCache full:https://registry.npmjs.org/baseline-browser-mapping cache-miss
35 silly fetch manifest electron-to-chromium@^1.5.328
36 silly packumentCache full:https://registry.npmjs.org/electron-to-chromium cache-miss
37 silly fetch manifest node-releases@^2.0.36
38 silly packumentCache full:https://registry.npmjs.org/node-releases cache-miss
39 silly fetch manifest update-browserslist-db@^1.2.3
40 silly packumentCache full:https://registry.npmjs.org/update-browserslist-db cache-miss
41 http fetch GET 200 https://registry.npmjs.org/baseline-browser-mapping 31ms (cache miss)
42 silly packumentCache full:https://registry.npmjs.org/baseline-browser-mapping set size:undefined disposed:false
43 http fetch GET 200 https://registry.npmjs.org/node-releases 56ms (cache miss)
44 silly packumentCache full:https://registry.npmjs.org/node-releases set size:undefined disposed:false
45 http fetch GET 200 https://registry.npmjs.org/electron-to-chromium 73ms (cache miss)
46 silly packumentCache full:https://registry.npmjs.org/electron-to-chromium set size:undefined disposed:false
47 http fetch GET 200 https://registry.npmjs.org/update-browserslist-db 275ms (cache miss)
48 silly packumentCache full:https://registry.npmjs.org/update-browserslist-db set size:undefined disposed:false
49 silly fetch manifest browserslist@>= 4.21.0
50 silly packumentCache full:https://registry.npmjs.org/browserslist cache-miss
51 http cache https://registry.npmjs.org/browserslist 2ms (cache hit)
52 silly packumentCache full:https://registry.npmjs.org/browserslist set size:504681 disposed:false
53 silly placeDep ROOT baseline-browser-mapping@2.10.13 OK for: browserslist@4.28.2 want: ^2.10.12
54 silly placeDep ROOT electron-to-chromium@1.5.331 OK for: browserslist@4.28.2 want: ^1.5.328
55 silly placeDep ROOT node-releases@2.0.37 OK for: browserslist@4.28.2 want: ^2.0.36
56 silly placeDep ROOT update-browserslist-db@1.2.3 OK for: browserslist@4.28.2 want: ^1.2.3
57 silly fetch manifest escalade@^3.2.0
58 silly packumentCache full:https://registry.npmjs.org/escalade cache-miss
59 http fetch GET 200 https://registry.npmjs.org/escalade 23ms (cache miss)
60 silly packumentCache full:https://registry.npmjs.org/escalade set size:undefined disposed:false
61 silly placeDep ROOT escalade@3.2.0 OK for: update-browserslist-db@1.2.3 want: ^3.2.0
62 silly reify moves {}
63 silly audit bulk request {
63 silly audit   '@alloc/quick-lru': [ '5.2.0' ],
63 silly audit   '@emnapi/core': [ '1.9.2' ],
63 silly audit   '@emnapi/runtime': [ '1.9.2' ],
63 silly audit   '@emnapi/wasi-threads': [ '1.2.1' ],
63 silly audit   '@eslint-community/eslint-utils': [ '4.9.1' ],
63 silly audit   '@eslint-community/regexpp': [ '4.12.2' ],
63 silly audit   '@eslint/eslintrc': [ '2.1.4' ],
63 silly audit   '@eslint/js': [ '8.57.1' ],
63 silly audit   '@humanwhocodes/config-array': [ '0.13.0' ],
63 silly audit   '@humanwhocodes/module-importer': [ '1.0.1' ],
63 silly audit   '@humanwhocodes/object-schema': [ '2.0.3' ],
63 silly audit   '@isaacs/cliui': [ '8.0.2' ],
63 silly audit   'ansi-regex': [ '6.2.2', '5.0.1' ],
63 silly audit   'strip-ansi': [ '7.2.0', '6.0.1' ],
63 silly audit   '@jridgewell/gen-mapping': [ '0.3.13' ],
63 silly audit   '@jridgewell/resolve-uri': [ '3.1.2' ],
63 silly audit   '@jridgewell/sourcemap-codec': [ '1.5.5' ],
63 silly audit   '@jridgewell/trace-mapping': [ '0.3.31' ],
63 silly audit   '@napi-rs/wasm-runtime': [ '0.2.12' ],
63 silly audit   '@next/env': [ '14.2.3' ],
63 silly audit   '@next/eslint-plugin-next': [ '14.2.3' ],
63 silly audit   '@next/swc-darwin-arm64': [ '14.2.3' ],
63 silly audit   '@next/swc-darwin-x64': [ '14.2.3' ],
63 silly audit   '@next/swc-linux-arm64-gnu': [ '14.2.3' ],
63 silly audit   '@next/swc-linux-arm64-musl': [ '14.2.3' ],
63 silly audit   '@next/swc-linux-x64-gnu': [ '14.2.3' ],
63 silly audit   '@next/swc-linux-x64-musl': [ '14.2.3' ],
63 silly audit   '@next/swc-win32-arm64-msvc': [ '14.2.3' ],
63 silly audit   '@next/swc-win32-ia32-msvc': [ '14.2.3' ],
63 silly audit   '@next/swc-win32-x64-msvc': [ '14.2.3' ],
63 silly audit   '@nodelib/fs.scandir': [ '2.1.5' ],
63 silly audit   '@nodelib/fs.stat': [ '2.0.5' ],
63 silly audit   '@nodelib/fs.walk': [ '1.2.8' ],
63 silly audit   '@nolyfill/is-core-module': [ '1.0.39' ],
63 silly audit   '@pkgjs/parseargs': [ '0.11.0' ],
63 silly audit   '@rtsao/scc': [ '1.1.0' ],
63 silly audit   '@rushstack/eslint-patch': [ '1.16.1' ],
63 silly audit   '@swc/counter': [ '0.1.3' ],
63 silly audit   '@swc/helpers': [ '0.5.5' ],
63 silly audit   '@tybys/wasm-util': [ '0.10.1' ],
63 silly audit   '@types/json5': [ '0.0.29' ],
63 silly audit   '@types/node': [ '20.19.37' ],
63 silly audit   '@types/prop-types': [ '15.7.15' ],
63 silly audit   '@types/react': [ '18.3.28' ],
63 silly audit   '@types/react-dom': [ '18.3.7' ],
63 silly audit   '@typescript-eslint/parser': [ '7.2.0' ],
63 silly audit   '@typescript-eslint/scope-manager': [ '7.2.0' ],
63 silly audit   '@typescript-eslint/types': [ '7.2.0' ],
63 silly audit   '@typescript-eslint/typescript-estree': [ '7.2.0' ],
63 silly audit   'brace-expansion': [ '2.0.3', '1.1.13' ],
63 silly audit   minimatch: [ '9.0.3', '9.0.9', '3.1.5' ],
63 silly audit   '@typescript-eslint/visitor-keys': [ '7.2.0' ],
63 silly audit   '@ungap/structured-clone': [ '1.3.0' ],
63 silly audit   '@unrs/resolver-binding-android-arm-eabi': [ '1.11.1' ],
63 silly audit   '@unrs/resolver-binding-android-arm64': [ '1.11.1' ],
63 silly audit   '@unrs/resolver-binding-darwin-arm64': [ '1.11.1' ],
63 silly audit   '@unrs/resolver-binding-darwin-x64': [ '1.11.1' ],
63 silly audit   '@unrs/resolver-binding-freebsd-x64': [ '1.11.1' ],
63 silly audit   '@unrs/resolver-binding-linux-arm-gnueabihf': [ '1.11.1' ],
63 silly audit   '@unrs/resolver-binding-linux-arm-musleabihf': [ '1.11.1' ],
63 silly audit   '@unrs/resolver-binding-linux-arm64-gnu': [ '1.11.1' ],
63 silly audit   '@unrs/resolver-binding-linux-arm64-musl': [ '1.11.1' ],
63 silly audit   '@unrs/resolver-binding-linux-ppc64-gnu': [ '1.11.1' ],
63 silly audit   '@unrs/resolver-binding-linux-riscv64-gnu': [ '1.11.1' ],
63 silly audit   '@unrs/resolver-binding-linux-riscv64-musl': [ '1.11.1' ],
63 silly audit   '@unrs/resolver-binding-linux-s390x-gnu': [ '1.11.1' ],
63 silly audit   '@unrs/resolver-binding-linux-x64-gnu': [ '1.11.1' ],
63 silly audit   '@unrs/resolver-binding-linux-x64-musl': [ '1.11.1' ],
63 silly audit   '@unrs/resolver-binding-wasm32-wasi': [ '1.11.1' ],
63 silly audit   '@unrs/resolver-binding-win32-arm64-msvc': [ '1.11.1' ],
63 silly audit   '@unrs/resolver-binding-win32-ia32-msvc': [ '1.11.1' ],
63 silly audit   '@unrs/resolver-binding-win32-x64-msvc': [ '1.11.1' ],
63 silly audit   acorn: [ '8.16.0' ],
63 silly audit   'acorn-jsx': [ '5.3.2' ],
63 silly audit   ajv: [ '6.14.0' ],
63 silly audit   'ansi-styles': [ '4.3.0', '6.2.3' ],
63 silly audit   'any-promise': [ '1.3.0' ],
63 silly audit   anymatch: [ '3.1.3' ],
63 silly audit   arg: [ '5.0.2' ],
63 silly audit   argparse: [ '2.0.1' ],
63 silly audit   'aria-query': [ '5.3.2' ],
63 silly audit   'array-buffer-byte-length': [ '1.0.2' ],
63 silly audit   'array-includes': [ '3.1.9' ],
63 silly audit   'array-union': [ '2.1.0' ],
63 silly audit   'array.prototype.findlast': [ '1.2.5' ],
63 silly audit   'array.prototype.findlastindex': [ '1.2.6' ],
63 silly audit   'array.prototype.flat': [ '1.3.3' ],
63 silly audit   'array.prototype.flatmap': [ '1.3.3' ],
63 silly audit   'array.prototype.tosorted': [ '1.1.4' ],
63 silly audit   'arraybuffer.prototype.slice': [ '1.0.4' ],
63 silly audit   'ast-types-flow': [ '0.0.8' ],
63 silly audit   'async-function': [ '1.0.0' ],
63 silly audit   'available-typed-arrays': [ '1.0.7' ],
63 silly audit   'axe-core': [ '4.11.2' ],
63 silly audit   'axobject-query': [ '4.1.0' ],
63 silly audit   'balanced-match': [ '1.0.2' ],
63 silly audit   'binary-extensions': [ '2.3.0' ],
63 silly audit   braces: [ '3.0.3' ],
63 silly audit   busboy: [ '1.6.0' ],
63 silly audit   'call-bind': [ '1.0.8' ],
63 silly audit   'call-bind-apply-helpers': [ '1.0.2' ],
63 silly audit   'call-bound': [ '1.0.4' ],
63 silly audit   callsites: [ '3.1.0' ],
63 silly audit   'camelcase-css': [ '2.0.1' ],
63 silly audit   'caniuse-lite': [ '1.0.30001784' ],
63 silly audit   chalk: [ '4.1.2' ],
63 silly audit   chokidar: [ '3.6.0' ],
63 silly audit   'glob-parent': [ '5.1.2', '6.0.2' ],
63 silly audit   'client-only': [ '0.0.1' ],
63 silly audit   clsx: [ '2.1.1' ],
63 silly audit   'color-convert': [ '2.0.1' ],
63 silly audit   'color-name': [ '1.1.4' ],
63 silly audit   commander: [ '4.1.1' ],
63 silly audit   'concat-map': [ '0.0.1' ],
63 silly audit   'cross-spawn': [ '7.0.6' ],
63 silly audit   cssesc: [ '3.0.0' ],
63 silly audit   csstype: [ '3.2.3' ],
63 silly audit   'damerau-levenshtein': [ '1.0.8' ],
63 silly audit   'data-view-buffer': [ '1.0.2' ],
63 silly audit   'data-view-byte-length': [ '1.0.2' ],
63 silly audit   'data-view-byte-offset': [ '1.0.1' ],
63 silly audit   debug: [ '4.4.3', '3.2.7' ],
63 silly audit   'deep-is': [ '0.1.4' ],
63 silly audit   'define-data-property': [ '1.1.4' ],
63 silly audit   'define-properties': [ '1.2.1' ],
63 silly audit   didyoumean: [ '1.2.2' ],
63 silly audit   'dir-glob': [ '3.0.1' ],
63 silly audit   dlv: [ '1.1.3' ],
63 silly audit   doctrine: [ '3.0.0', '2.1.0' ],
63 silly audit   'dunder-proto': [ '1.0.1' ],
63 silly audit   eastasianwidth: [ '0.2.0' ],
63 silly audit   'emoji-regex': [ '9.2.2', '8.0.0' ],
63 silly audit   'es-abstract': [ '1.24.1' ],
63 silly audit   'es-define-property': [ '1.0.1' ],
63 silly audit   'es-errors': [ '1.3.0' ],
63 silly audit   'es-iterator-helpers': [ '1.3.1' ],
63 silly audit   'es-object-atoms': [ '1.1.1' ],
63 silly audit   'es-set-tostringtag': [ '2.1.0' ],
63 silly audit   'es-shim-unscopables': [ '1.1.0' ],
63 silly audit   'es-to-primitive': [ '1.3.0' ],
63 silly audit   'escape-string-regexp': [ '4.0.0' ],
63 silly audit   eslint: [ '8.57.1' ],
63 silly audit   'eslint-config-next': [ '14.2.3' ],
63 silly audit   'eslint-import-resolver-node': [ '0.3.10' ],
63 silly audit   'eslint-import-resolver-typescript': [ '3.10.1' ],
63 silly audit   'eslint-module-utils': [ '2.12.1' ],
63 silly audit   'eslint-plugin-import': [ '2.32.0' ],
63 silly audit   semver: [ '6.3.1', '7.7.4' ],
63 silly audit   'eslint-plugin-jsx-a11y': [ '6.10.2' ],
63 silly audit   'eslint-plugin-react': [ '7.37.5' ],
63 silly audit   'eslint-plugin-react-hooks': [ '5.0.0-canary-7118f5dd7-20230705' ],
63 silly audit   'eslint-scope': [ '7.2.2' ],
63 silly audit   'eslint-visitor-keys': [ '3.4.3' ],
63 silly audit   espree: [ '9.6.1' ],
63 silly audit   esquery: [ '1.7.0' ],
63 silly audit   esrecurse: [ '4.3.0' ],
63 silly audit   estraverse: [ '5.3.0' ],
63 silly audit   esutils: [ '2.0.3' ],
63 silly audit   'fast-deep-equal': [ '3.1.3' ],
63 silly audit   'fast-glob': [ '3.3.3' ],
63 silly audit   'fast-json-stable-stringify': [ '2.1.0' ],
63 silly audit   'fast-levenshtein': [ '2.0.6' ],
63 silly audit   fastq: [ '1.20.1' ],
63 silly audit   'file-entry-cache': [ '6.0.1' ],
63 silly audit   'fill-range': [ '7.1.1' ],
63 silly audit   'find-up': [ '5.0.0' ],
63 silly audit   'flat-cache': [ '3.2.0' ],
63 silly audit   flatted: [ '3.4.2' ],
63 silly audit   'for-each': [ '0.3.5' ],
63 silly audit   'foreground-child': [ '3.3.1' ],
63 silly audit   'framer-motion': [ '12.38.0' ],
63 silly audit   'fs.realpath': [ '1.0.0' ],
63 silly audit   fsevents: [ '2.3.3' ],
63 silly audit   'function-bind': [ '1.1.2' ],
63 silly audit   'function.prototype.name': [ '1.1.8' ],
63 silly audit   'functions-have-names': [ '1.2.3' ],
63 silly audit   'generator-function': [ '2.0.1' ],
63 silly audit   'get-intrinsic': [ '1.3.0' ],
63 silly audit   'get-proto': [ '1.0.1' ],
63 silly audit   'get-symbol-description': [ '1.1.0' ],
63 silly audit   'get-tsconfig': [ '4.13.7' ],
63 silly audit   glob: [ '10.3.10', '7.2.3' ],
63 silly audit   globals: [ '13.24.0' ],
63 silly audit   globalthis: [ '1.0.4' ],
63 silly audit   globby: [ '11.1.0' ],
63 silly audit   gopd: [ '1.2.0' ],
63 silly audit   'graceful-fs': [ '4.2.11' ],
63 silly audit   graphemer: [ '1.4.0' ],
63 silly audit   gsap: [ '3.14.2' ],
63 silly audit   'has-bigints': [ '1.1.0' ],
63 silly audit   'has-flag': [ '4.0.0' ],
63 silly audit   'has-property-descriptors': [ '1.0.2' ],
63 silly audit   'has-proto': [ '1.2.0' ],
63 silly audit   'has-symbols': [ '1.1.0' ],
63 silly audit   'has-tostringtag': [ '1.0.2' ],
63 silly audit   hasown: [ '2.0.2' ],
63 silly audit   ignore: [ '5.3.2' ],
63 silly audit   'import-fresh': [ '3.3.1' ],
63 silly audit   imurmurhash: [ '0.1.4' ],
63 silly audit   inflight: [ '1.0.6' ],
63 silly audit   inherits: [ '2.0.4' ],
63 silly audit   'internal-slot': [ '1.1.0' ],
63 silly audit   'is-array-buffer': [ '3.0.5' ],
63 silly audit   'is-async-function': [ '2.1.1' ],
63 silly audit   'is-bigint': [ '1.1.0' ],
63 silly audit   'is-binary-path': [ '2.1.0' ],
63 silly audit   'is-boolean-object': [ '1.2.2' ],
63 silly audit   'is-bun-module': [ '2.0.0' ],
63 silly audit   'is-callable': [ '1.2.7' ],
63 silly audit   'is-core-module': [ '2.16.1' ],
63 silly audit   'is-data-view': [ '1.0.2' ],
63 silly audit   'is-date-object': [ '1.1.0' ],
63 silly audit   'is-extglob': [ '2.1.1' ],
63 silly audit   'is-finalizationregistry': [ '1.1.1' ],
63 silly audit   'is-fullwidth-code-point': [ '3.0.0' ],
63 silly audit   'is-generator-function': [ '1.1.2' ],
63 silly audit   'is-glob': [ '4.0.3' ],
63 silly audit   'is-map': [ '2.0.3' ],
63 silly audit   'is-negative-zero': [ '2.0.3' ],
63 silly audit   'is-number': [ '7.0.0' ],
63 silly audit   'is-number-object': [ '1.1.1' ],
63 silly audit   'is-path-inside': [ '3.0.3' ],
63 silly audit   'is-regex': [ '1.2.1' ],
63 silly audit   'is-set': [ '2.0.3' ],
63 silly audit   'is-shared-array-buffer': [ '1.0.4' ],
63 silly audit   'is-string': [ '1.1.1' ],
63 silly audit   'is-symbol': [ '1.1.1' ],
63 silly audit   'is-typed-array': [ '1.1.15' ],
63 silly audit   'is-weakmap': [ '2.0.2' ],
63 silly audit   'is-weakref': [ '1.1.1' ],
63 silly audit   'is-weakset': [ '2.0.4' ],
63 silly audit   isarray: [ '2.0.5' ],
63 silly audit   isexe: [ '2.0.0' ],
63 silly audit   'iterator.prototype': [ '1.1.5' ],
63 silly audit   jackspeak: [ '2.3.6' ],
63 silly audit   jiti: [ '1.21.7' ],
63 silly audit   'js-tokens': [ '4.0.0' ],
63 silly audit   'js-yaml': [ '4.1.1' ],
63 silly audit   'json-buffer': [ '3.0.1' ],
63 silly audit   'json-schema-traverse': [ '0.4.1' ],
63 silly audit   'json-stable-stringify-without-jsonify': [ '1.0.1' ],
63 silly audit   json5: [ '1.0.2' ],
63 silly audit   'jsx-ast-utils': [ '3.3.5' ],
63 silly audit   keyv: [ '4.5.4' ],
63 silly audit   'language-subtag-registry': [ '0.3.23' ],
63 silly audit   'language-tags': [ '1.0.9' ],
63 silly audit   levn: [ '0.4.1' ],
63 silly audit   lilconfig: [ '3.1.3' ],
63 silly audit   'lines-and-columns': [ '1.2.4' ],
63 silly audit   'locate-path': [ '6.0.0' ],
63 silly audit   'lodash.merge': [ '4.6.2' ],
63 silly audit   'loose-envify': [ '1.4.0' ],
63 silly audit   'lru-cache': [ '10.4.3' ],
63 silly audit   'lucide-react': [ '0.378.0' ],
63 silly audit   'math-intrinsics': [ '1.1.0' ],
63 silly audit   merge2: [ '1.4.1' ],
63 silly audit   micromatch: [ '4.0.8' ],
63 silly audit   minimist: [ '1.2.8' ],
63 silly audit   minipass: [ '7.1.3' ],
63 silly audit   'motion-dom': [ '12.38.0' ],
63 silly audit   'motion-utils': [ '12.36.0' ],
63 silly audit   ms: [ '2.1.3' ],
63 silly audit   mz: [ '2.7.0' ],
63 silly audit   nanoid: [ '3.3.11' ],
63 silly audit   'napi-postinstall': [ '0.3.4' ],
63 silly audit   'natural-compare': [ '1.4.0' ],
63 silly audit   next: [ '14.2.3' ],
63 silly audit   postcss: [ '8.4.31', '8.5.8' ],
63 silly audit   'node-exports-info': [ '1.6.0' ],
63 silly audit   'normalize-path': [ '3.0.0' ],
63 silly audit   'object-assign': [ '4.1.1' ],
63 silly audit   'object-hash': [ '3.0.0' ],
63 silly audit   'object-inspect': [ '1.13.4' ],
63 silly audit   'object-keys': [ '1.1.1' ],
63 silly audit   'object.assign': [ '4.1.7' ],
63 silly audit   'object.entries': [ '1.1.9' ],
63 silly audit   'object.fromentries': [ '2.0.8' ],
63 silly audit   'object.groupby': [ '1.0.3' ],
63 silly audit   'object.values': [ '1.2.1' ],
63 silly audit   once: [ '1.4.0' ],
63 silly audit   optionator: [ '0.9.4' ],
63 silly audit   'own-keys': [ '1.0.1' ],
63 silly audit   'p-limit': [ '3.1.0' ],
63 silly audit   'p-locate': [ '5.0.0' ],
63 silly audit   'parent-module': [ '1.0.1' ],
63 silly audit   'path-exists': [ '4.0.0' ],
63 silly audit   'path-is-absolute': [ '1.0.1' ],
63 silly audit   'path-key': [ '3.1.1' ],
63 silly audit   'path-parse': [ '1.0.7' ],
63 silly audit   'path-scurry': [ '1.11.1' ],
63 silly audit   'path-type': [ '4.0.0' ],
63 silly audit   picocolors: [ '1.1.1' ],
63 silly audit   picomatch: [ '2.3.2', '4.0.4' ],
63 silly audit   pify: [ '2.3.0' ],
63 silly audit   pirates: [ '4.0.7' ],
63 silly audit   'possible-typed-array-names': [ '1.1.0' ],
63 silly audit   'postcss-import': [ '15.1.0' ],
63 silly audit   resolve: [ '1.22.11', '2.0.0-next.6' ],
63 silly audit   'postcss-js': [ '4.1.0' ],
63 silly audit   'postcss-load-config': [ '6.0.1' ],
63 silly audit   'postcss-nested': [ '6.2.0' ],
63 silly audit   'postcss-selector-parser': [ '6.1.2' ],
63 silly audit   'postcss-value-parser': [ '4.2.0' ],
63 silly audit   'prelude-ls': [ '1.2.1' ],
63 silly audit   'prop-types': [ '15.8.1' ],
63 silly audit   punycode: [ '2.3.1' ],
63 silly audit   'queue-microtask': [ '1.2.3' ],
63 silly audit   react: [ '18.3.1' ],
63 silly audit   'react-dom': [ '18.3.1' ],
63 silly audit   'react-is': [ '16.13.1' ],
63 silly audit   'read-cache': [ '1.0.0' ],
63 silly audit   readdirp: [ '3.6.0' ],
63 silly audit   'reflect.getprototypeof': [ '1.0.10' ],
63 silly audit   'regexp.prototype.flags': [ '1.5.4' ],
63 silly audit   'resolve-from': [ '4.0.0' ],
63 silly audit   'resolve-pkg-maps': [ '1.0.0' ],
63 silly audit   reusify: [ '1.1.0' ],
63 silly audit   rimraf: [ '3.0.2' ],
63 silly audit   'run-parallel': [ '1.2.0' ],
63 silly audit   'safe-array-concat': [ '1.1.3' ],
63 silly audit   'safe-push-apply': [ '1.0.0' ],
63 silly audit   'safe-regex-test': [ '1.1.0' ],
63 silly audit   scheduler: [ '0.23.2' ],
63 silly audit   'set-function-length': [ '1.2.2' ],
63 silly audit   'set-function-name': [ '2.0.2' ],
63 silly audit   'set-proto': [ '1.0.0' ],
63 silly audit   'shebang-command': [ '2.0.0' ],
63 silly audit   'shebang-regex': [ '3.0.0' ],
63 silly audit   'side-channel': [ '1.1.0' ],
63 silly audit   'side-channel-list': [ '1.0.0' ],
63 silly audit   'side-channel-map': [ '1.0.1' ],
63 silly audit   'side-channel-weakmap': [ '1.0.2' ],
63 silly audit   'signal-exit': [ '4.1.0' ],
63 silly audit   slash: [ '3.0.0' ],
63 silly audit   'source-map-js': [ '1.2.1' ],
63 silly audit   'stable-hash': [ '0.0.5' ],
63 silly audit   'stop-iteration-iterator': [ '1.1.0' ],
63 silly audit   streamsearch: [ '1.1.0' ],
63 silly audit   'string-width': [ '5.1.2', '4.2.3' ],
63 silly audit   'string.prototype.includes': [ '2.0.1' ],
63 silly audit   'string.prototype.matchall': [ '4.0.12' ],
63 silly audit   'string.prototype.repeat': [ '1.0.0' ],
63 silly audit   'string.prototype.trim': [ '1.2.10' ],
63 silly audit   'string.prototype.trimend': [ '1.0.9' ],
63 silly audit   'string.prototype.trimstart': [ '1.0.8' ],
63 silly audit   'strip-bom': [ '3.0.0' ],
63 silly audit   'strip-json-comments': [ '3.1.1' ],
63 silly audit   'styled-jsx': [ '5.1.1' ],
63 silly audit   sucrase: [ '3.35.1' ],
63 silly audit   'supports-color': [ '7.2.0' ],
63 silly audit   'supports-preserve-symlinks-flag': [ '1.0.0' ],
63 silly audit   'tailwind-merge': [ '2.6.1' ],
63 silly audit   tailwindcss: [ '3.4.19' ],
63 silly audit   'text-table': [ '0.2.0' ],
63 silly audit   thenify: [ '3.3.1' ],
63 silly audit   'thenify-all': [ '1.6.0' ],
63 silly audit   tinyglobby: [ '0.2.15' ],
63 silly audit   fdir: [ '6.5.0' ],
63 silly audit   'to-regex-range': [ '5.0.1' ],
63 silly audit   'ts-api-utils': [ '1.4.3' ],
63 silly audit   'ts-interface-checker': [ '0.1.13' ],
63 silly audit   'tsconfig-paths': [ '3.15.0' ],
63 silly audit   tslib: [ '2.8.1' ],
63 silly audit   'type-check': [ '0.4.0' ],
63 silly audit   'type-fest': [ '0.20.2' ],
63 silly audit   'typed-array-buffer': [ '1.0.3' ],
63 silly audit   'typed-array-byte-length': [ '1.0.3' ],
63 silly audit   'typed-array-byte-offset': [ '1.0.4' ],
63 silly audit   'typed-array-length': [ '1.0.7' ],
63 silly audit   typescript: [ '5.9.3' ],
63 silly audit   'unbox-primitive': [ '1.1.0' ],
63 silly audit   'undici-types': [ '6.21.0' ],
63 silly audit   'unrs-resolver': [ '1.11.1' ],
63 silly audit   'uri-js': [ '4.4.1' ],
63 silly audit   'util-deprecate': [ '1.0.2' ],
63 silly audit   which: [ '2.0.2' ],
63 silly audit   'which-boxed-primitive': [ '1.1.1' ],
63 silly audit   'which-builtin-type': [ '1.2.1' ],
63 silly audit   'which-collection': [ '1.0.2' ],
63 silly audit   'which-typed-array': [ '1.1.20' ],
63 silly audit   'word-wrap': [ '1.2.5' ],
63 silly audit   'wrap-ansi': [ '8.1.0', '7.0.0' ],
63 silly audit   wrappy: [ '1.0.2' ],
63 silly audit   'yocto-queue': [ '0.1.0' ],
63 silly audit   autoprefixer: [ '10.4.27' ],
63 silly audit   browserslist: [ '4.28.2' ],
63 silly audit   'fraction.js': [ '5.3.4' ],
63 silly audit   'baseline-browser-mapping': [ '2.10.13' ],
63 silly audit   'electron-to-chromium': [ '1.5.331' ],
63 silly audit   'node-releases': [ '2.0.37' ],
63 silly audit   'update-browserslist-db': [ '1.2.3' ],
63 silly audit   escalade: [ '3.2.0' ]
63 silly audit }
64 http cache update-browserslist-db@https://registry.npmjs.org/update-browserslist-db/-/update-browserslist-db-1.2.3.tgz 0ms (cache hit)
65 http cache node-releases@https://registry.npmjs.org/node-releases/-/node-releases-2.0.37.tgz 0ms (cache hit)
66 http cache escalade@https://registry.npmjs.org/escalade/-/escalade-3.2.0.tgz 0ms (cache hit)
67 http cache baseline-browser-mapping@https://registry.npmjs.org/baseline-browser-mapping/-/baseline-browser-mapping-2.10.13.tgz 0ms (cache hit)
68 http cache electron-to-chromium@https://registry.npmjs.org/electron-to-chromium/-/electron-to-chromium-1.5.331.tgz 0ms (cache hit)
69 http cache fraction.js@https://registry.npmjs.org/fraction.js/-/fraction.js-5.3.4.tgz 0ms (cache hit)
70 http cache browserslist@https://registry.npmjs.org/browserslist/-/browserslist-4.28.2.tgz 0ms (cache hit)
71 silly tarball no local data for update-browserslist-db@https://registry.npmjs.org/update-browserslist-db/-/update-browserslist-db-1.2.3.tgz. Extracting by manifest.
72 http cache autoprefixer@https://registry.npmjs.org/autoprefixer/-/autoprefixer-10.4.27.tgz 0ms (cache hit)
73 silly tarball no local data for node-releases@https://registry.npmjs.org/node-releases/-/node-releases-2.0.37.tgz. Extracting by manifest.
74 silly tarball no local data for baseline-browser-mapping@https://registry.npmjs.org/baseline-browser-mapping/-/baseline-browser-mapping-2.10.13.tgz. Extracting by manifest.
75 silly tarball no local data for escalade@https://registry.npmjs.org/escalade/-/escalade-3.2.0.tgz. Extracting by manifest.
76 silly tarball no local data for electron-to-chromium@https://registry.npmjs.org/electron-to-chromium/-/electron-to-chromium-1.5.331.tgz. Extracting by manifest.
77 silly tarball no local data for fraction.js@https://registry.npmjs.org/fraction.js/-/fraction.js-5.3.4.tgz. Extracting by manifest.
78 silly tarball no local data for browserslist@https://registry.npmjs.org/browserslist/-/browserslist-4.28.2.tgz. Extracting by manifest.
79 silly tarball no local data for autoprefixer@https://registry.npmjs.org/autoprefixer/-/autoprefixer-10.4.27.tgz. Extracting by manifest.
80 http fetch GET 200 https://registry.npmjs.org/update-browserslist-db/-/update-browserslist-db-1.2.3.tgz 32ms (cache miss)
81 http fetch GET 200 https://registry.npmjs.org/node-releases/-/node-releases-2.0.37.tgz 33ms (cache miss)
82 http fetch GET 200 https://registry.npmjs.org/baseline-browser-mapping/-/baseline-browser-mapping-2.10.13.tgz 34ms (cache miss)
83 http fetch GET 200 https://registry.npmjs.org/escalade/-/escalade-3.2.0.tgz 42ms (cache miss)
84 http fetch GET 200 https://registry.npmjs.org/browserslist/-/browserslist-4.28.2.tgz 54ms (cache miss)
85 http fetch GET 200 https://registry.npmjs.org/electron-to-chromium/-/electron-to-chromium-1.5.331.tgz 55ms (cache miss)
86 http fetch GET 200 https://registry.npmjs.org/fraction.js/-/fraction.js-5.3.4.tgz 55ms (cache miss)
87 http fetch GET 200 https://registry.npmjs.org/autoprefixer/-/autoprefixer-10.4.27.tgz 84ms (cache miss)
88 http fetch POST 200 https://registry.npmjs.org/-/npm/v1/security/advisories/bulk 206ms
89 silly audit report {
89 silly audit report   minimatch: [
89 silly audit report     {
89 silly audit report       id: 1113465,
89 silly audit report       url: 'https://github.com/advisories/GHSA-3ppc-4f35-3m26',
89 silly audit report       title: 'minimatch has a ReDoS via repeated wildcards with non-matching literal in pattern',
89 silly audit report       severity: 'high',
89 silly audit report       vulnerable_versions: '>=9.0.0 <9.0.6',
89 silly audit report       cwe: [Array],
89 silly audit report       cvss: [Object]
89 silly audit report     },
89 silly audit report     {
89 silly audit report       id: 1113544,
89 silly audit report       url: 'https://github.com/advisories/GHSA-7r86-cg39-jmmj',
89 silly audit report       title: 'minimatch has ReDoS: matchOne() combinatorial backtracking via multiple non-adjacent GLOBSTAR segments',
89 silly audit report       severity: 'high',
89 silly audit report       vulnerable_versions: '>=9.0.0 <9.0.7',
89 silly audit report       cwe: [Array],
89 silly audit report       cvss: [Object]
89 silly audit report     },
89 silly audit report     {
89 silly audit report       id: 1113552,
89 silly audit report       url: 'https://github.com/advisories/GHSA-23c5-xmqv-rm74',
89 silly audit report       title: 'minimatch ReDoS: nested *() extglobs generate catastrophically backtracking regular expressions',
89 silly audit report       severity: 'high',
89 silly audit report       vulnerable_versions: '>=9.0.0 <9.0.7',
89 silly audit report       cwe: [Array],
89 silly audit report       cvss: [Object]
89 silly audit report     }
89 silly audit report   ],
89 silly audit report   glob: [
89 silly audit report     {
89 silly audit report       id: 1109842,
89 silly audit report       url: 'https://github.com/advisories/GHSA-5j98-mcp5-4vw2',
89 silly audit report       title: 'glob CLI: Command injection via -c/--cmd executes matches with shell:true',
89 silly audit report       severity: 'high',
89 silly audit report       vulnerable_versions: '>=10.2.0 <10.5.0',
89 silly audit report       cwe: [Array],
89 silly audit report       cvss: [Object]
89 silly audit report     }
89 silly audit report   ],
89 silly audit report   next: [
89 silly audit report     {
89 silly audit report       id: 1099638,
89 silly audit report       url: 'https://github.com/advisories/GHSA-gp8f-8m3g-qvj9',
89 silly audit report       title: 'Next.js Cache Poisoning',
89 silly audit report       severity: 'high',
89 silly audit report       vulnerable_versions: '>=14.0.0 <14.2.10',
89 silly audit report       cwe: [Array],
89 silly audit report       cvss: [Object]
89 silly audit report     },
89 silly audit report     {
89 silly audit report       id: 1100421,
89 silly audit report       url: 'https://github.com/advisories/GHSA-g77x-44xx-532m',
89 silly audit report       title: 'Denial of Service condition in Next.js image optimization',
89 silly audit report       severity: 'moderate',
89 silly audit report       vulnerable_versions: '>=10.0.0 <14.2.7',
89 silly audit report       cwe: [Array],
89 silly audit report       cvss: [Object]
89 silly audit report     },
89 silly audit report     {
89 silly audit report       id: 1101438,
89 silly audit report       url: 'https://github.com/advisories/GHSA-7m27-7ghc-44w9',
89 silly audit report       title: 'Next.js Allows a Denial of Service (DoS) with Server Actions',
89 silly audit report       severity: 'moderate',
89 silly audit report       vulnerable_versions: '>=14.0.0 <14.2.21',
89 silly audit report       cwe: [Array],
89 silly audit report       cvss: [Object]
89 silly audit report     },
89 silly audit report     {
89 silly audit report       id: 1105461,
89 silly audit report       url: 'https://github.com/advisories/GHSA-3h52-269p-cp9r',
89 silly audit report       title: 'Information exposure in Next.js dev server due to lack of origin verification',
89 silly audit report       severity: 'low',
89 silly audit report       vulnerable_versions: '>=13.0 <14.2.30',
89 silly audit report       cwe: [Array],
89 silly audit report       cvss: [Object]
89 silly audit report     },
89 silly audit report     {
89 silly audit report       id: 1111391,
89 silly audit report       url: 'https://github.com/advisories/GHSA-mwv6-3258-q52c',
89 silly audit report       title: 'Next Vulnerable to Denial of Service with Server Components',
89 silly audit report       severity: 'high',
89 silly audit report       vulnerable_versions: '>=13.3.0 <14.2.34',
89 silly audit report       cwe: [Array],
89 silly audit report       cvss: [Object]
89 silly audit report     },
89 silly audit report     {
89 silly audit report       id: 1107226,
89 silly audit report       url: 'https://github.com/advisories/GHSA-g5qg-72qw-gw5v',
89 silly audit report       title: 'Next.js Affected by Cache Key Confusion for Image Optimization API Routes',
89 silly audit report       severity: 'moderate',
89 silly audit report       vulnerable_versions: '>=0.9.9 <14.2.31',
89 silly audit report       cwe: [Array],
89 silly audit report       cvss: [Object]
89 silly audit report     },
89 silly audit report     {
89 silly audit report       id: 1107420,
89 silly audit report       url: 'https://github.com/advisories/GHSA-7gfc-8cq8-jh5f',
89 silly audit report       title: 'Next.js authorization bypass vulnerability',
89 silly audit report       severity: 'high',
89 silly audit report       vulnerable_versions: '>=9.5.5 <14.2.15',
89 silly audit report       cwe: [Array],
89 silly audit report       cvss: [Object]
89 silly audit report     },
89 silly audit report     {
89 silly audit report       id: 1107512,
89 silly audit report       url: 'https://github.com/advisories/GHSA-4342-x723-ch2f',
89 silly audit report       title: 'Next.js Improper Middleware Redirect Handling Leads to SSRF',
89 silly audit report       severity: 'moderate',
89 silly audit report       vulnerable_versions: '>=0.9.9 <14.2.32',
89 silly audit report       cwe: [Array],
89 silly audit report       cvss: [Object]
89 silly audit report     },
89 silly audit report     {
89 silly audit report       id: 1107513,
89 silly audit report       url: 'https://github.com/advisories/GHSA-xv57-4mr9-wg8v',
89 silly audit report       title: 'Next.js Content Injection Vulnerability for Image Optimization',
89 silly audit report       severity: 'moderate',
89 silly audit report       vulnerable_versions: '>=0.9.9 <14.2.31',
89 silly audit report       cwe: [Array],
89 silly audit report       cvss: [Object]
89 silly audit report     },
89 silly audit report     {
89 silly audit report       id: 1112182,
89 silly audit report       url: 'https://github.com/advisories/GHSA-5j59-xgg2-r9c4',
89 silly audit report       title: 'Next has a Denial of Service with Server Components - Incomplete Fix Follow-Up',
89 silly audit report       severity: 'high',
89 silly audit report       vulnerable_versions: '>=13.3.1-canary.0 <14.2.35',
89 silly audit report       cwe: [Array],
89 silly audit report       cvss: [Object]
89 silly audit report     },
89 silly audit report     {
89 silly audit report       id: 1108291,
89 silly audit report       url: 'https://github.com/advisories/GHSA-qpjv-v59x-3qc4',
89 silly audit report       title: 'Next.js Race Condition to Cache Poisoning',
89 silly audit report       severity: 'low',
89 silly audit report       vulnerable_versions: '>=0.9.9 <14.2.24',
89 silly audit report       cwe: [Array],
89 silly audit report       cvss: [Object]
89 silly audit report     },
89 silly audit report     {
89 silly audit report       id: 1112593,
89 silly audit report       url: 'https://github.com/advisories/GHSA-9g9p-9gw9-jx7f',
89 silly audit report       title: 'Next.js self-hosted applications vulnerable to DoS via Image Optimizer remotePatterns configuration',
89 silly audit report       severity: 'moderate',
89 silly audit report       vulnerable_versions: '>=10.0.0 <15.5.10',
89 silly audit report       cwe: [Array],
89 silly audit report       cvss: [Object]
89 silly audit report     },
89 silly audit report     {
89 silly audit report       id: 1112653,
89 silly audit report       url: 'https://github.com/advisories/GHSA-h25m-26qc-wcjf',
89 silly audit report       title: 'Next.js HTTP request deserialization can lead to DoS when using insecure React Server Components',
89 silly audit report       severity: 'high',
89 silly audit report       vulnerable_versions: '>=13.0.0 <15.0.8',
89 silly audit report       cwe: [Array],
89 silly audit report       cvss: [Object]
89 silly audit report     },
89 silly audit report     {
89 silly audit report       id: 1113689,
89 silly audit report       url: 'https://github.com/advisories/GHSA-f82v-jwr5-mffw',
89 silly audit report       title: 'Authorization Bypass in Next.js Middleware',
89 silly audit report       severity: 'critical',
89 silly audit report       vulnerable_versions: '>=14.0.0 <14.2.25',
89 silly audit report       cwe: [Array],
89 silly audit report       cvss: [Object]
89 silly audit report     },
89 silly audit report     {
89 silly audit report       id: 1114897,
89 silly audit report       url: 'https://github.com/advisories/GHSA-ggv3-7p47-pfv8',
89 silly audit report       title: 'Next.js: HTTP request smuggling in rewrites',
89 silly audit report       severity: 'moderate',
89 silly audit report       vulnerable_versions: '>=9.5.0 <15.5.13',
89 silly audit report       cwe: [Array],
89 silly audit report       cvss: [Object]
89 silly audit report     },
89 silly audit report     {
89 silly audit report       id: 1114940,
89 silly audit report       url: 'https://github.com/advisories/GHSA-3x4c-7xq6-9pq8',
89 silly audit report       title: 'Next.js: Unbounded next/image disk cache growth can exhaust storage',
89 silly audit report       severity: 'moderate',
89 silly audit report       vulnerable_versions: '>=10.0.0 <15.5.14',
89 silly audit report       cwe: [Array],
89 silly audit report       cvss: [Object]
89 silly audit report     }
89 silly audit report   ]
89 silly audit report }
90 silly packumentCache corgi:https://registry.npmjs.org/minimatch cache-miss
91 silly packumentCache corgi:https://registry.npmjs.org/glob cache-miss
92 silly packumentCache corgi:https://registry.npmjs.org/next cache-miss
93 http cache https://registry.npmjs.org/glob 13ms (cache hit)
94 silly packumentCache corgi:https://registry.npmjs.org/glob set size:199194 disposed:false
95 http cache https://registry.npmjs.org/minimatch 14ms (cache hit)
96 silly packumentCache corgi:https://registry.npmjs.org/minimatch set size:168441 disposed:false
97 http cache https://registry.npmjs.org/next 39ms (cache hit)
98 silly packumentCache corgi:https://registry.npmjs.org/next set size:24522511 disposed:false
99 silly packumentCache corgi:https://registry.npmjs.org/@typescript-eslint%2ftypescript-estree cache-miss
100 http cache https://registry.npmjs.org/@typescript-eslint%2ftypescript-estree 10ms (cache hit)
101 silly packumentCache corgi:https://registry.npmjs.org/@typescript-eslint%2ftypescript-estree set size:8561245 disposed:false
102 silly packumentCache corgi:https://registry.npmjs.org/@next%2feslint-plugin-next cache-miss
103 http cache https://registry.npmjs.org/@next%2feslint-plugin-next 7ms (cache hit)
104 silly packumentCache corgi:https://registry.npmjs.org/@next%2feslint-plugin-next set size:3172066 disposed:false
105 silly packumentCache corgi:https://registry.npmjs.org/@typescript-eslint%2fparser cache-miss
106 http cache https://registry.npmjs.org/@typescript-eslint%2fparser 10ms (cache hit)
107 silly packumentCache corgi:https://registry.npmjs.org/@typescript-eslint%2fparser set size:7955166 disposed:false
108 silly packumentCache corgi:https://registry.npmjs.org/eslint-config-next cache-miss
109 http cache https://registry.npmjs.org/eslint-config-next 6ms (cache hit)
110 silly packumentCache corgi:https://registry.npmjs.org/eslint-config-next set size:3806234 disposed:false
111 silly ADD node_modules/escalade
112 silly ADD node_modules/update-browserslist-db
113 silly ADD node_modules/node-releases
114 silly ADD node_modules/electron-to-chromium
115 silly ADD node_modules/baseline-browser-mapping
116 silly ADD node_modules/fraction.js
117 silly ADD node_modules/browserslist
118 silly ADD node_modules/autoprefixer
119 verbose cwd /Users/edit6/Documents/Caio/LUMOS/site-lumos-2026
120 verbose os Darwin 25.3.0
121 verbose node v24.14.1
122 verbose npm  v11.11.0
123 verbose exit 0
124 info ok
