0 verbose cli /usr/local/bin/node /usr/local/lib/node_modules/npm/bin/npm-cli.js
1 info using npm@11.11.0
2 info using node@v24.14.1
3 silly config load:file:/usr/local/lib/node_modules/npm/npmrc
4 silly config load:file:/Users/edit6/Documents/Caio/LUMOS/site-lumos-2026/.npmrc
5 silly config load:file:/Users/edit6/.npmrc
6 silly config load:file:/usr/local/etc/npmrc
7 verbose title npm exec create-next-app@14 ./ --typescript --tailwind --eslint --app --no-src-dir --import-alias @/* --use-npm --yes
8 verbose argv "exec" "--yes" "--" "create-next-app@14" "./" "--typescript" "--tailwind" "--eslint" "--app" "--no-src-dir" "--import-alias" "@/*" "--use-npm" "--yes"
9 verbose logfile logs-max:10 dir:/Users/edit6/Documents/Caio/LUMOS/site-lumos-2026/.npm-cache/_logs/2026-04-03T06_14_58_603Z-
10 verbose logfile /Users/edit6/Documents/Caio/LUMOS/site-lumos-2026/.npm-cache/_logs/2026-04-03T06_14_58_603Z-debug-0.log
11 silly logfile done cleaning log files
12 silly packumentCache heap:4496293888 maxSize:1124073472 maxEntrySize:562036736
13 http fetch GET 200 https://registry.npmjs.org/create-next-app 117ms (cache revalidated)
14 silly packumentCache heap:4496293888 maxSize:1124073472 maxEntrySize:562036736
15 silly packumentCache heap:4496293888 maxSize:1124073472 maxEntrySize:562036736
16 silly idealTree buildDeps
17 silly fetch manifest create-next-app@14.2.35
18 silly packumentCache full:https://registry.npmjs.org/create-next-app cache-miss
19 http cache https://registry.npmjs.org/create-next-app 12ms (cache hit)
20 silly packumentCache full:https://registry.npmjs.org/create-next-app set size:9616534 disposed:false
21 silly placeDep ROOT create-next-app@14.2.35 REPLACE for:  want: 14.2.35
22 silly reify moves {}
23 silly audit bulk request { 'create-next-app': [ '14.2.35' ] }
24 http fetch POST 200 https://registry.npmjs.org/-/npm/v1/security/advisories/bulk 301ms
25 silly audit report {}
26 verbose cwd /Users/edit6/Documents/Caio/LUMOS/site-lumos-2026
27 verbose os Darwin 25.3.0
28 verbose node v24.14.1
29 verbose npm  v11.11.0
30 verbose exit 0
31 info ok
